<?xml version="1.0" encoding="UTF-8"?>
<!-- Generated by org.testng.reporters.JUnitReportReporter -->
<testsuite hostname="SAURABH" failures="0" tests="2" name="TestClasses.CreateNewAppointmentTest" time="25.488" errors="0" timestamp="2026-04-06T07:41:27 IST" skipped="0">
  <testcase classname="TestClasses.CreateNewAppointmentTest" name="createNewAppointment" time="12.936"/>
  <system-out>
    <![CDATA[Opening Browser for Test Execution 
Test Case Successfull]]>
  </system-out>
  <testcase classname="TestClasses.CreateNewAppointmentTest" name="createNewAppointment" time="12.552"/>
  <system-out>
    <![CDATA[Opening Browser for Test Execution 
Test Case Successfull]]>
  </system-out>
</testsuite> <!-- TestClasses.CreateNewAppointmentTest -->
