<?xml version="1.0" encoding="UTF-8"?>
<!-- Generated by org.testng.reporters.JUnitXMLReporter -->
<testsuite ignored="0" hostname="SAURABH" failures="0" tests="4" name="Surefire test" time="43.957" errors="0" timestamp="2026-04-06T07:41:27 IST">
  <testcase classname="TestClasses.CreateNewAppointmentTest" name="createNewAppointment" time="8.061"/>
  <testcase classname="TestClasses.CreateNewAppointmentTest" name="createNewAppointment" time="7.293"/>
  <testcase classname="TestClasses.LoginTest" name="executeLogin" time="4.164"/>
  <testcase classname="TestClasses.LogoutTest" name="logOut" time="5.458"/>
</testsuite> <!-- Surefire test -->
