<?xml version="1.0" encoding="UTF-8"?>
<testng-results ignored="0" total="4" passed="4" failed="0" skipped="0">
  <reporter-output>
    <line>
      <![CDATA[Opening Browser for Test Execution ]]>
    </line>
    <line>
      <![CDATA[Test Case Successfull]]>
    </line>
    <line>
      <![CDATA[Opening Browser for Test Execution ]]>
    </line>
    <line>
      <![CDATA[Test Case Successfull]]>
    </line>
    <line>
      <![CDATA[Opening Browser for Test Execution ]]>
    </line>
    <line>
      <![CDATA[Test Case Successfull]]>
    </line>
    <line>
      <![CDATA[Opening Browser for Test Execution ]]>
    </line>
    <line>
      <![CDATA[Test Case Successfull]]>
    </line>
  </reporter-output>
  <suite started-at="2026-04-06T07:40:43 IST" name="Surefire suite" finished-at="2026-04-06T07:41:27 IST" duration-ms="43957">
    <groups>
      <group name="sanity">
        <method signature="CreateNewAppointmentTest.createNewAppointment(java.lang.String,java.lang.String)[pri:0, instance:TestClasses.CreateNewAppointmentTest@1d548a08]" name="createNewAppointment" class="TestClasses.CreateNewAppointmentTest"/>
        <method signature="LoginTest.executeLogin()[pri:0, instance:TestClasses.LoginTest@37e547da]" name="executeLogin" class="TestClasses.LoginTest"/>
        <method signature="LogoutTest.logOut()[pri:0, instance:TestClasses.LogoutTest@2b6856dd]" name="logOut" class="TestClasses.LogoutTest"/>
      </group> <!-- sanity -->
    </groups>
    <test started-at="2026-04-06T07:40:43 IST" name="Surefire test" finished-at="2026-04-06T07:41:27 IST" duration-ms="43957">
      <class name="TestClasses.CreateNewAppointmentTest">
        <test-method is-config="true" signature="launchBrowser()[pri:0, instance:TestClasses.CreateNewAppointmentTest@1d548a08]" started-at="2026-04-06T07:40:43 IST" name="launchBrowser" finished-at="2026-04-06T07:40:48 IST" duration-ms="4813" status="PASS">
          <reporter-output>
          </reporter-output>
        </test-method> <!-- launchBrowser -->
        <test-method signature="createNewAppointment(java.lang.String,java.lang.String)[pri:0, instance:TestClasses.CreateNewAppointmentTest@1d548a08]" started-at="2026-04-06T07:40:48 IST" name="createNewAppointment" data-provider="bookAppointment" finished-at="2026-04-06T07:40:56 IST" duration-ms="8061" status="PASS">
          <params>
            <param index="0">
              <value>
                <![CDATA[22/04/2026]]>
              </value>
            </param>
            <param index="1">
              <value>
                <![CDATA[Need to visit a Dentist for cavities ,its urgent]]>
              </value>
            </param>
          </params>
          <reporter-output>
            <line>
              <![CDATA[Opening Browser for Test Execution ]]>
            </line>
            <line>
              <![CDATA[Test Case Successfull]]>
            </line>
          </reporter-output>
        </test-method> <!-- createNewAppointment -->
        <test-method is-config="true" signature="closeBrowser()[pri:0, instance:TestClasses.CreateNewAppointmentTest@1d548a08]" started-at="2026-04-06T07:40:56 IST" name="closeBrowser" finished-at="2026-04-06T07:40:56 IST" duration-ms="446" status="PASS">
          <reporter-output>
          </reporter-output>
        </test-method> <!-- closeBrowser -->
        <test-method is-config="true" signature="launchBrowser()[pri:0, instance:TestClasses.CreateNewAppointmentTest@1d548a08]" started-at="2026-04-06T07:40:56 IST" name="launchBrowser" finished-at="2026-04-06T07:41:01 IST" duration-ms="4526" status="PASS">
          <reporter-output>
          </reporter-output>
        </test-method> <!-- launchBrowser -->
        <test-method signature="createNewAppointment(java.lang.String,java.lang.String)[pri:0, instance:TestClasses.CreateNewAppointmentTest@1d548a08]" started-at="2026-04-06T07:41:01 IST" name="createNewAppointment" data-provider="bookAppointment" finished-at="2026-04-06T07:41:08 IST" duration-ms="7293" status="PASS">
          <params>
            <param index="0">
              <value>
                <![CDATA[28/04/2026]]>
              </value>
            </param>
            <param index="1">
              <value>
                <![CDATA[Need to visit a physician]]>
              </value>
            </param>
          </params>
          <reporter-output>
            <line>
              <![CDATA[Opening Browser for Test Execution ]]>
            </line>
            <line>
              <![CDATA[Test Case Successfull]]>
            </line>
          </reporter-output>
        </test-method> <!-- createNewAppointment -->
        <test-method is-config="true" signature="closeBrowser()[pri:0, instance:TestClasses.CreateNewAppointmentTest@1d548a08]" started-at="2026-04-06T07:41:08 IST" name="closeBrowser" finished-at="2026-04-06T07:41:08 IST" duration-ms="349" status="PASS">
          <reporter-output>
          </reporter-output>
        </test-method> <!-- closeBrowser -->
      </class> <!-- TestClasses.CreateNewAppointmentTest -->
      <class name="TestClasses.LogoutTest">
        <test-method is-config="true" signature="launchBrowser()[pri:0, instance:TestClasses.LogoutTest@2b6856dd]" started-at="2026-04-06T07:41:17 IST" name="launchBrowser" finished-at="2026-04-06T07:41:21 IST" duration-ms="4164" status="PASS">
          <reporter-output>
          </reporter-output>
        </test-method> <!-- launchBrowser -->
        <test-method signature="logOut()[pri:0, instance:TestClasses.LogoutTest@2b6856dd]" started-at="2026-04-06T07:41:21 IST" name="logOut" finished-at="2026-04-06T07:41:27 IST" duration-ms="5458" status="PASS">
          <reporter-output>
            <line>
              <![CDATA[Opening Browser for Test Execution ]]>
            </line>
            <line>
              <![CDATA[Test Case Successfull]]>
            </line>
          </reporter-output>
        </test-method> <!-- logOut -->
        <test-method is-config="true" signature="closeBrowser()[pri:0, instance:TestClasses.LogoutTest@2b6856dd]" started-at="2026-04-06T07:41:27 IST" name="closeBrowser" finished-at="2026-04-06T07:41:27 IST" duration-ms="254" status="PASS">
          <reporter-output>
          </reporter-output>
        </test-method> <!-- closeBrowser -->
      </class> <!-- TestClasses.LogoutTest -->
      <class name="TestClasses.LoginTest">
        <test-method is-config="true" signature="launchBrowser()[pri:0, instance:TestClasses.LoginTest@37e547da]" started-at="2026-04-06T07:41:08 IST" name="launchBrowser" finished-at="2026-04-06T07:41:13 IST" duration-ms="4118" status="PASS">
          <reporter-output>
          </reporter-output>
        </test-method> <!-- launchBrowser -->
        <test-method signature="executeLogin()[pri:0, instance:TestClasses.LoginTest@37e547da]" started-at="2026-04-06T07:41:13 IST" name="executeLogin" finished-at="2026-04-06T07:41:17 IST" duration-ms="4164" status="PASS">
          <reporter-output>
            <line>
              <![CDATA[Opening Browser for Test Execution ]]>
            </line>
            <line>
              <![CDATA[Test Case Successfull]]>
            </line>
          </reporter-output>
        </test-method> <!-- executeLogin -->
        <test-method is-config="true" signature="closeBrowser()[pri:0, instance:TestClasses.LoginTest@37e547da]" started-at="2026-04-06T07:41:17 IST" name="closeBrowser" finished-at="2026-04-06T07:41:17 IST" duration-ms="246" status="PASS">
          <reporter-output>
          </reporter-output>
        </test-method> <!-- closeBrowser -->
      </class> <!-- TestClasses.LoginTest -->
    </test> <!-- Surefire test -->
  </suite> <!-- Surefire suite -->
</testng-results>
